Build started 7/10/2015 5:06:59 PM.
     1>Project "C:\Users\Danny\Desktop\delta-robot\SpaceMouse Module SDKv1\SpaceMouse Module SDKv1\Sample_Software_Serial\3DxGalileoSensorDemo\3DxGalileoSensorDemo.vcxproj" on node 2 (Build target(s)).
     1>ClCompile:
         C:\Program Files (x86)\Microsoft Visual Studio 12.0\VC\bin\CL.exe /c /Zi /nologo /W3 /WX- /O2 /Oi /Oy- /GL /D WIN32 /D NDEBUG /D _WINDOWS /Gm- /EHsc /MT /GS /Gy /fp:precise /Zc:wchar_t /Zc:forScope /Yc"stdafx.h" /Fp"Release\3DxSMM_serial_SensorDemo.pch" /Fo"Release\\" /Fd"Release\vc120.pdb" /Gd /TP /analyze- /errorReport:prompt stdafx.cpp
         stdafx.cpp
         C:\Program Files (x86)\Microsoft Visual Studio 12.0\VC\bin\CL.exe /c /Zi /nologo /W3 /WX- /O2 /Oi /Oy- /GL /D WIN32 /D NDEBUG /D _WINDOWS /Gm- /EHsc /MT /GS /Gy /fp:precise /Zc:wchar_t /Zc:forScope /Yu"stdafx.h" /Fp"Release\3DxSMM_serial_SensorDemo.pch" /Fo"Release\\" /Fd"Release\vc120.pdb" /Gd /TP /analyze- /errorReport:prompt 3DxGalileoDialog.cpp 3DxGalileoSensor.cpp 3DxGalileoSensorDemo.cpp SerialPort.cpp
         3DxGalileoDialog.cpp
         3DxGalileoSensor.cpp
         3DxGalileoSensorDemo.cpp
         SerialPort.cpp
       ResourceCompile:
         C:\Program Files (x86)\Windows Kits\8.1\bin\x86\rc.exe /l"0x0409" /nologo /fo"Release\3DxGalileoSensorDemo.res" 3DxGalileoSensorDemo.rc 
       Link:
         C:\Program Files (x86)\Microsoft Visual Studio 12.0\VC\bin\link.exe /ERRORREPORT:PROMPT /OUT:"C:\Users\Danny\Desktop\delta-robot\SpaceMouse Module SDKv1\SpaceMouse Module SDKv1\Sample_Software_Serial\Release\3DxSMM_serial_SensorDemo.exe" /INCREMENTAL:NO /NOLOGO kernel32.lib user32.lib gdi32.lib winspool.lib comdlg32.lib advapi32.lib shell32.lib ole32.lib oleaut32.lib uuid.lib odbc32.lib odbccp32.lib /MANIFEST /MANIFESTUAC:"level='asInvoker' uiAccess='false'" /manifest:embed /DEBUG /PDB:"C:\Users\Danny\Desktop\delta-robot\SpaceMouse Module SDKv1\SpaceMouse Module SDKv1\Sample_Software_Serial\Release\3DxSMM_serial_SensorDemo.pdb" /SUBSYSTEM:WINDOWS /OPT:REF /OPT:ICF /LTCG /TLBID:1 /DYNAMICBASE /NXCOMPAT /IMPLIB:"C:\Users\Danny\Desktop\delta-robot\SpaceMouse Module SDKv1\SpaceMouse Module SDKv1\Sample_Software_Serial\Release\3DxSMM_serial_SensorDemo.lib" /MACHINE:X86 /SAFESEH Release\3DxGalileoSensorDemo.res
         Release\3DxGalileoDialog.obj
         Release\3DxGalileoSensor.obj
         Release\3DxGalileoSensorDemo.obj
         Release\SerialPort.obj
         Release\stdafx.obj
         Generating code
         Finished generating code
         3DxGalileoSensorDemo.vcxproj -> C:\Users\Danny\Desktop\delta-robot\SpaceMouse Module SDKv1\SpaceMouse Module SDKv1\Sample_Software_Serial\Release\3DxSMM_serial_SensorDemo.exe
     1>Done Building Project "C:\Users\Danny\Desktop\delta-robot\SpaceMouse Module SDKv1\SpaceMouse Module SDKv1\Sample_Software_Serial\3DxGalileoSensorDemo\3DxGalileoSensorDemo.vcxproj" (Build target(s)).

Build succeeded.

Time Elapsed 00:00:05.93
