Build started 7/10/2015 5:09:28 PM.
     1>Project "C:\Users\Danny\Desktop\delta-robot\SpaceMouse Module SDKv1\SpaceMouse Module SDKv1\Sample_Software_USB\Source\3DxSMM_SensorDemo.vcxproj" on node 2 (Rebuild target(s)).
     1>ClCompile:
         C:\Program Files (x86)\Microsoft Visual Studio 12.0\VC\bin\CL.exe /c /IC:\WINDDK\2600.1106\inc\ddk\wdm\wxp /Zi /nologo /W3 /WX- /O2 /Oi /Oy- /GL /D WIN32 /D NDEBUG /D _WINDOWS /Gm- /EHsc /MT /GS /Gy /fp:precise /Zc:wchar_t /Zc:forScope /Yc"stdafx.h" /Fp"Release\3DxSMM_USB_SensorDemo.pch" /Fo"Release\\" /Fd"Release\vc120.pdb" /Gd /TP /analyze- /errorReport:prompt 3DxSMM_SensorDemo.cpp
         3DxSMM_SensorDemo.cpp
         C:\Program Files (x86)\Microsoft Visual Studio 12.0\VC\bin\CL.exe /c /IC:\WINDDK\2600.1106\inc\ddk\wdm\wxp /Zi /nologo /W3 /WX- /O2 /Oi /Oy- /GL /D WIN32 /D NDEBUG /D _WINDOWS /Gm- /EHsc /MT /GS /Gy /fp:precise /Zc:wchar_t /Zc:forScope /Yu"stdafx.h" /Fp"Release\3DxSMM_USB_SensorDemo.pch" /Fo"Release\\" /Fd"Release\vc120.pdb" /Gd /TP /analyze- /errorReport:prompt 3DxSMM_Dialog.cpp 3DxSMM_USB.cpp
         3DxSMM_Dialog.cpp
         3DxSMM_USB.cpp
       ResourceCompile:
         C:\Program Files (x86)\Windows Kits\8.1\bin\x86\rc.exe /l"0x0409" /nologo /fo"Release\3DxSMM_SensorDemo.res" 3DxSMM_SensorDemo.rc 
       Link:
         C:\Program Files (x86)\Microsoft Visual Studio 12.0\VC\bin\link.exe /ERRORREPORT:PROMPT /OUT:"C:\Users\Danny\Desktop\delta-robot\SpaceMouse Module SDKv1\SpaceMouse Module SDKv1\Sample_Software_USB\Release\3DxSMM_USB_SensorDemo.exe" /INCREMENTAL:NO /NOLOGO /LIBPATH:C:\WINDDK\2600.1106\lib\wxp\i386 dinput8.lib dxguid.lib kernel32.lib user32.lib gdi32.lib winspool.lib comdlg32.lib advapi32.lib shell32.lib ole32.lib oleaut32.lib uuid.lib odbc32.lib odbccp32.lib kernel32.lib user32.lib gdi32.lib winspool.lib comdlg32.lib advapi32.lib shell32.lib ole32.lib oleaut32.lib uuid.lib odbc32.lib odbccp32.lib /MANIFEST /MANIFESTUAC:"level='asInvoker' uiAccess='false'" /manifest:embed /DEBUG /PDB:"C:\Users\Danny\Desktop\delta-robot\SpaceMouse Module SDKv1\SpaceMouse Module SDKv1\Sample_Software_USB\Release\3DxSMM_USB_SensorDemo.pdb" /SUBSYSTEM:WINDOWS /OPT:REF /OPT:ICF /LTCG /TLBID:1 /DYNAMICBASE /NXCOMPAT /IMPLIB:"C:\Users\Danny\Desktop\delta-robot\SpaceMouse Module SDKv1\SpaceMouse Module SDKv1\Sample_Software_USB\Release\3DxSMM_USB_SensorDemo.lib" /MACHINE:X86 /SAFESEH Release\3DxSMM_SensorDemo.res
         Release\3DxSMM_Dialog.obj
         Release\3DxSMM_SensorDemo.obj
         Release\3DxSMM_USB.obj
         Generating code
         Finished generating code
         3DxSMM_SensorDemo.vcxproj -> C:\Users\Danny\Desktop\delta-robot\SpaceMouse Module SDKv1\SpaceMouse Module SDKv1\Sample_Software_USB\Release\3DxSMM_USB_SensorDemo.exe
     1>Done Building Project "C:\Users\Danny\Desktop\delta-robot\SpaceMouse Module SDKv1\SpaceMouse Module SDKv1\Sample_Software_USB\Source\3DxSMM_SensorDemo.vcxproj" (Rebuild target(s)).

Build succeeded.

Time Elapsed 00:00:02.61
