Build started 7/22/2015 12:39:43 PM.
     1>Project "C:\Users\Danny\Desktop\delta-robot\DeltaMSVS\PolyFit\PolyFit.vcxproj" on node 2 (Build target(s)).
     1>ClCompile:
         C:\Program Files (x86)\Microsoft Visual Studio 12.0\VC\bin\CL.exe /c /ZI /nologo /W3 /WX- /sdl /Od /Oy- /D WIN32 /D _DEBUG /D _CONSOLE /D _LIB /D _UNICODE /D UNICODE /Gm /EHsc /RTC1 /MDd /GS /fp:precise /Zc:wchar_t /Zc:forScope /Fo"Debug\\" /Fd"Debug\vc120.pdb" /Gd /TP /analyze- /errorReport:prompt -D_SCL_SECURE_NO_WARNINGS PolyFit.cpp
         PolyFit.cpp
     1>c:\users\danny\desktop\delta-robot\deltamsvs\polyfit\polyfit.cpp(24): warning C4018: '<' : signed/unsigned mismatch
     1>c:\users\danny\desktop\delta-robot\deltamsvs\polyfit\polyfit.cpp(28): warning C4018: '<' : signed/unsigned mismatch
     1>c:\users\danny\desktop\delta-robot\deltamsvs\polyfit\polyfit.cpp(40): warning C4018: '<' : signed/unsigned mismatch
     1>c:\users\danny\desktop\delta-robot\deltamsvs\polyfit\polyfit.cpp(63): warning C4018: '<' : signed/unsigned mismatch
     1>c:\users\danny\desktop\delta-robot\deltamsvs\polyfit\polyfit.cpp(66): warning C4018: '<' : signed/unsigned mismatch
     1>c:\users\danny\desktop\delta-robot\deltamsvs\polyfit\polyfit.cpp(74): warning C4018: '<' : signed/unsigned mismatch
     1>c:\users\danny\desktop\delta-robot\deltamsvs\polyfit\polyfit.cpp(101): warning C4018: '<' : signed/unsigned mismatch
     1>c:\users\danny\desktop\delta-robot\deltamsvs\polyfit\polyfit.cpp(144): warning C4018: '<' : signed/unsigned mismatch
     1>c:\users\danny\desktop\delta-robot\deltamsvs\polyfit\polyfit.cpp(148): warning C4018: '<' : signed/unsigned mismatch
     1>c:\users\danny\desktop\delta-robot\deltamsvs\polyfit\polyfit.cpp(174): warning C4018: '<' : signed/unsigned mismatch
     1>c:\users\danny\desktop\delta-robot\deltamsvs\polyfit\polyfit.cpp(186): warning C4018: '<' : signed/unsigned mismatch
     1>c:\users\danny\desktop\delta-robot\deltamsvs\polyfit\polyfit.cpp(197): warning C4018: '<' : signed/unsigned mismatch
     1>c:\users\danny\desktop\delta-robot\deltamsvs\polyfit\polyfit.cpp(281): warning C4018: '<' : signed/unsigned mismatch
     1>c:\users\danny\desktop\delta-robot\deltamsvs\polyfit\polyfit.hpp(122): warning C4018: '<' : signed/unsigned mismatch
                 c:\users\danny\desktop\delta-robot\deltamsvs\polyfit\polyfit.cpp(120) : see reference to function template instantiation 'void derivativePolynomial<double>(T *,unsigned int,T *)' being compiled
                 with
                 [
                     T=double
                 ]
     1>c:\users\danny\desktop\delta-robot\deltamsvs\polyfit\polyfit.hpp(73): warning C4018: '<' : signed/unsigned mismatch
                 c:\users\danny\desktop\delta-robot\deltamsvs\polyfit\polyfit.cpp(126) : see reference to function template instantiation 'void multiplyPolynomials<double>(T *,unsigned int,T *,unsigned int,T *)' being compiled
                 with
                 [
                     T=double
                 ]
     1>c:\users\danny\desktop\delta-robot\deltamsvs\polyfit\polyfit.hpp(74): warning C4018: '<' : signed/unsigned mismatch
     1>c:\users\danny\desktop\delta-robot\deltamsvs\polyfit\polyfit.hpp(80): warning C4018: '<' : signed/unsigned mismatch
     1>c:\users\danny\desktop\delta-robot\deltamsvs\polyfit\polyfit.hpp(81): warning C4018: '<' : signed/unsigned mismatch
     1>c:\users\danny\desktop\delta-robot\deltamsvs\polyfit\polyfit.hpp(92): warning C4018: '<' : signed/unsigned mismatch
     1>c:\users\danny\desktop\delta-robot\deltamsvs\polyfit\polyfit.hpp(106): warning C4018: '<' : signed/unsigned mismatch
                 c:\users\danny\desktop\delta-robot\deltamsvs\polyfit\polyfit.cpp(131) : see reference to function template instantiation 'void sumPolynomials<double>(T *,unsigned int,T *,unsigned int,T *)' being compiled
                 with
                 [
                     T=double
                 ]
     1>c:\users\danny\desktop\delta-robot\deltamsvs\polyfit\polyfit.hpp(110): warning C4018: '<' : signed/unsigned mismatch
     1>c:\users\danny\desktop\delta-robot\deltamsvs\polyfit\polyfit.hpp(114): warning C4018: '<' : signed/unsigned mismatch
       Link:
         C:\Program Files (x86)\Microsoft Visual Studio 12.0\VC\bin\link.exe /ERRORREPORT:PROMPT /OUT:"C:\Users\Danny\Desktop\delta-robot\DeltaMSVS\Debug\PolyFit.exe" /INCREMENTAL /NOLOGO kernel32.lib user32.lib gdi32.lib winspool.lib comdlg32.lib advapi32.lib shell32.lib ole32.lib oleaut32.lib uuid.lib odbc32.lib odbccp32.lib /MANIFEST /MANIFESTUAC:"level='asInvoker' uiAccess='false'" /manifest:embed /DEBUG /PDB:"C:\Users\Danny\Desktop\delta-robot\DeltaMSVS\Debug\PolyFit.pdb" /SUBSYSTEM:CONSOLE /TLBID:1 /DYNAMICBASE /NXCOMPAT /IMPLIB:"C:\Users\Danny\Desktop\delta-robot\DeltaMSVS\Debug\PolyFit.lib" /MACHINE:X86 Debug\PolyFit.obj
         PolyFit.vcxproj -> C:\Users\Danny\Desktop\delta-robot\DeltaMSVS\Debug\PolyFit.exe
     1>Done Building Project "C:\Users\Danny\Desktop\delta-robot\DeltaMSVS\PolyFit\PolyFit.vcxproj" (Build target(s)).

Build succeeded.

Time Elapsed 00:00:02.31
